2025-11-01 13:01:06 [INFO] __main__: ============================================================
2025-11-01 13:01:06 [INFO] __main__: SMART IRRIGATION SYSTEM - TINKERCAD TO THINGSBOARD BRIDGE
2025-11-01 13:01:06 [INFO] __main__: ============================================================
2025-11-01 13:01:06 [INFO] __main__: Started at: 2025-11-01 13:01:06
2025-11-01 13:01:06 [INFO] __main__: Log file: C:\Users\krzor\Desktop\irrigation last bridge\logs\bridge_20260.log
2025-11-01 13:01:06 [INFO] __main__: ============================================================
2025-11-01 13:01:06 [INFO] __main__: Starting Smart Irrigation Bridge...
2025-11-01 13:01:06 [INFO] __main__: Initializing components...
2025-11-01 13:01:06 [INFO] thingsboard_client: ThingsBoard client initialized: https://eu.thingsboard.cloud
2025-11-01 13:01:06 [INFO] thingsboard_client: Telemetry endpoint: https://eu.thingsboard.cloud/api/v1/9CHMtFJbaOCWB7p96XmC/telemetry
2025-11-01 13:01:06 [INFO] data_processor: Data processor initialized
2025-11-01 13:01:06 [INFO] thingsboard_client: Testing ThingsBoard connection...
2025-11-01 13:01:06 [INFO] thingsboard_client: ✓ ThingsBoard connection successful
2025-11-01 13:01:06 [INFO] __main__: Starting browser automation...
2025-11-01 13:01:08 [INFO] browser_automation: TinkerCAD automation initialized
2025-11-01 13:01:08 [INFO] browser_automation: Navigating to TinkerCAD...
2025-11-01 13:01:08 [INFO] browser_automation: URL: https://www.tinkercad.com/things/hTrSolRa4D1-smooth-jaiks-borwo/editel?returnTo=https%3A%2F%2Fwww.tinkercad.com%2Fdashboard%2Fdesigns%2Fcircuits&sharecode=WyCaIdMpHj_ctZyKmGF_-gRhH7uQz4xmHD_nGaFIFyM
2025-11-01 13:01:11 [INFO] browser_automation: Attempting login...
2025-11-01 13:01:50 [INFO] browser_automation: ✓ Login successful
2025-11-01 13:01:50 [INFO] browser_automation: Setting up simulation environment...
2025-11-01 13:02:20 [ERROR] browser_automation: Timeout setting up simulation: Locator.click: Timeout 30000ms exceeded.
Call log:
  - waiting for locator("#CODE_EDITOR_ID")

2025-11-01 13:02:20 [ERROR] __main__: Failed to setup simulation
2025-11-01 13:02:20 [INFO] __main__: ============================================================
2025-11-01 13:02:20 [INFO] __main__: Application terminated
2025-11-01 13:02:20 [INFO] __main__: ============================================================
