2025-11-26 17:27:37 [INFO] __main__: ============================================================
2025-11-26 17:27:37 [INFO] __main__: SMART IRRIGATION SYSTEM - TINKERCAD TO THINGSBOARD BRIDGE
2025-11-26 17:27:37 [INFO] __main__: ============================================================
2025-11-26 17:27:37 [INFO] __main__: Started at: 2025-11-26 17:27:37
2025-11-26 17:27:37 [INFO] __main__: Log file: C:\Users\krzor\Desktop\irrigation last bridge\logs\bridge_22360.log
2025-11-26 17:27:37 [INFO] __main__: ============================================================
2025-11-26 17:27:37 [INFO] __main__: Starting Smart Irrigation Bridge...
2025-11-26 17:27:37 [INFO] __main__: Initializing components...
2025-11-26 17:27:37 [INFO] thingsboard_client: ThingsBoard client initialized: https://eu.thingsboard.cloud
2025-11-26 17:27:37 [INFO] thingsboard_client: Telemetry endpoint: https://eu.thingsboard.cloud/api/v1/9CHMtFJbaOCWB7p96XmC/telemetry
2025-11-26 17:27:37 [INFO] data_processor: Data processor initialized
2025-11-26 17:27:37 [INFO] thingsboard_client: Testing ThingsBoard connection...
2025-11-26 17:27:38 [INFO] thingsboard_client: ✓ ThingsBoard connection successful
2025-11-26 17:27:38 [INFO] __main__: Starting browser automation...
2025-11-26 17:27:38 [INFO] browser_automation: TinkerCAD automation initialized
2025-11-26 17:27:38 [INFO] browser_automation: Navigating to TinkerCAD...
2025-11-26 17:27:38 [INFO] browser_automation: Circuit URL: https://www.tinkercad.com/things/hTrSolRa4D1-smooth-jaiks-borwo/editel?returnTo=https%3A%2F%2Fwww.tinkercad.com%2Fdashboard%2Fdesigns%2Fcircuits&sharecode=WyCaIdMpHj_ctZyKmGF_-gRhH7uQz4xmHD_nGaFIFyM
2025-11-26 17:27:41 [INFO] browser_automation: Attempting login...
2025-11-26 17:27:48 [INFO] browser_automation: Waiting for login to complete...
2025-11-26 17:27:53 [INFO] browser_automation: Navigating to circuit after login...
2025-11-26 17:27:57 [INFO] browser_automation: ✓ Login successful and navigated to circuit
2025-11-26 17:27:57 [INFO] browser_automation: Setting up simulation environment...
2025-11-26 17:28:03 [INFO] browser_automation: ✓ Simulation setup complete
2025-11-26 17:28:03 [INFO] __main__: Opening ThingsBoard dashboard...
2025-11-26 17:28:04 [INFO] __main__: ✓ Dashboard opened: https://eu.thingsboard.cloud/dashboards/all/6e1fdde0-a387-11f0-89a6-d5955492b887
2025-11-26 17:28:04 [INFO] browser_automation: Serial monitor initialized
2025-11-26 17:28:04 [INFO] __main__: ============================================================
2025-11-26 17:28:04 [INFO] __main__: BRIDGE ACTIVE - Monitoring serial output...
2025-11-26 17:28:04 [INFO] __main__: Press Ctrl+C to stop
2025-11-26 17:28:04 [INFO] __main__: ============================================================
2025-11-26 17:28:19 [INFO] browser_automation: Simulation reset detected
2025-11-26 17:28:24 [INFO] browser_automation: Simulation reset detected
2025-11-26 17:28:28 [INFO] browser_automation: Simulation reset detected
2025-11-26 17:28:35 [INFO] browser_automation: Simulation reset detected
2025-11-26 17:28:42 [INFO] browser_automation: Simulation reset detected
2025-11-26 17:28:45 [INFO] browser_automation: Simulation reset detected
2025-11-26 17:28:55 [INFO] browser_automation: Simulation reset detected
2025-11-26 17:28:59 [INFO] browser_automation: Simulation reset detected
2025-11-26 17:29:07 [INFO] browser_automation: Simulation reset detected
2025-11-26 17:29:14 [INFO] browser_automation: Simulation reset detected
2025-11-26 17:29:22 [INFO] browser_automation: Simulation reset detected
2025-11-26 17:29:30 [INFO] browser_automation: Simulation reset detected
2025-11-26 17:29:34 [INFO] browser_automation: Simulation reset detected
2025-11-26 17:29:38 [INFO] browser_automation: Simulation reset detected
2025-11-26 17:29:43 [INFO] browser_automation: Simulation reset detected
2025-11-26 17:29:50 [INFO] browser_automation: Simulation reset detected
2025-11-26 17:29:55 [INFO] browser_automation: Simulation reset detected
2025-11-26 17:30:00 [INFO] browser_automation: Simulation reset detected
2025-11-26 17:30:05 [INFO] browser_automation: Simulation reset detected
2025-11-26 17:30:11 [INFO] browser_automation: Simulation reset detected
2025-11-26 17:30:15 [INFO] browser_automation: Simulation reset detected
2025-11-26 17:30:26 [INFO] browser_automation: Simulation reset detected
2025-11-26 17:30:31 [INFO] browser_automation: Simulation reset detected
2025-11-26 17:30:36 [INFO] browser_automation: Simulation reset detected
2025-11-26 17:31:18 [INFO] browser_automation: Simulation reset detected
2025-11-26 17:31:41 [INFO] browser_automation: Simulation reset detected
2025-11-26 17:31:45 [INFO] browser_automation: Simulation reset detected
2025-11-26 17:31:54 [INFO] browser_automation: Simulation reset detected
2025-11-26 17:31:58 [INFO] browser_automation: Simulation reset detected
2025-11-26 17:32:02 [INFO] browser_automation: Simulation reset detected
2025-11-26 17:32:08 [INFO] browser_automation: Simulation reset detected
2025-11-26 17:32:12 [INFO] browser_automation: Simulation reset detected
2025-11-26 17:32:16 [INFO] browser_automation: Simulation reset detected
2025-11-26 17:32:24 [INFO] browser_automation: Simulation reset detected
2025-11-26 17:32:29 [INFO] browser_automation: Simulation reset detected
2025-11-26 17:32:33 [INFO] browser_automation: Simulation reset detected
2025-11-26 17:32:39 [INFO] browser_automation: Simulation reset detected
2025-11-26 17:32:46 [INFO] browser_automation: Simulation reset detected
2025-11-26 17:32:51 [INFO] browser_automation: Simulation reset detected
2025-11-26 17:32:57 [INFO] browser_automation: Simulation reset detected
2025-11-26 17:33:02 [INFO] browser_automation: Simulation reset detected
2025-11-26 17:33:06 [INFO] browser_automation: Simulation reset detected
2025-11-26 17:33:15 [INFO] browser_automation: Simulation reset detected
2025-11-26 17:33:19 [INFO] browser_automation: Simulation reset detected
2025-11-26 17:33:25 [INFO] browser_automation: Simulation reset detected
2025-11-26 17:33:33 [INFO] browser_automation: Simulation reset detected
2025-11-26 17:33:45 [INFO] browser_automation: Simulation reset detected
2025-11-26 17:33:51 [INFO] browser_automation: Simulation reset detected
2025-11-26 17:33:56 [INFO] browser_automation: Simulation reset detected
2025-11-26 17:33:59 [INFO] browser_automation: Simulation reset detected
2025-11-26 17:34:06 [INFO] browser_automation: Simulation reset detected
2025-11-26 17:34:10 [INFO] browser_automation: Simulation reset detected
2025-11-26 17:34:39 [INFO] browser_automation: Simulation reset detected
2025-11-26 17:34:46 [INFO] browser_automation: Simulation reset detected
2025-11-26 17:35:15 [INFO] browser_automation: Simulation reset detected
2025-11-26 17:35:20 [INFO] browser_automation: Simulation reset detected
2025-11-26 17:35:54 [INFO] browser_automation: Simulation reset detected
2025-11-26 17:36:08 [INFO] browser_automation: Simulation reset detected
2025-11-26 17:37:41 [INFO] browser_automation: Simulation reset detected
2025-11-26 17:37:57 [INFO] browser_automation: Simulation reset detected
2025-11-26 17:38:04 [INFO] browser_automation: Simulation reset detected
2025-11-26 17:38:20 [INFO] browser_automation: Simulation reset detected
2025-11-26 17:38:28 [INFO] browser_automation: Simulation reset detected
2025-11-26 17:38:34 [INFO] browser_automation: Simulation reset detected
2025-11-26 17:38:41 [INFO] browser_automation: Simulation reset detected
2025-11-26 17:38:46 [INFO] browser_automation: Simulation reset detected
2025-11-26 17:38:52 [INFO] browser_automation: Simulation reset detected
2025-11-26 17:39:05 [INFO] browser_automation: Simulation reset detected
2025-11-26 17:39:31 [INFO] browser_automation: Simulation reset detected
2025-11-26 17:40:13 [INFO] browser_automation: Simulation reset detected
2025-11-26 17:40:18 [INFO] browser_automation: Simulation reset detected
2025-11-26 17:40:29 [INFO] browser_automation: Simulation reset detected
2025-11-26 17:40:32 [INFO] browser_automation: Simulation reset detected
2025-11-26 17:40:42 [INFO] browser_automation: Simulation reset detected
2025-11-26 17:40:46 [INFO] browser_automation: Simulation reset detected
2025-11-26 17:40:56 [INFO] browser_automation: Simulation reset detected
2025-11-26 17:41:01 [INFO] browser_automation: Simulation reset detected
2025-11-26 17:41:11 [INFO] browser_automation: Simulation reset detected
2025-11-26 17:41:18 [INFO] browser_automation: Simulation reset detected
2025-11-26 17:41:28 [INFO] browser_automation: Simulation reset detected
2025-11-26 17:41:35 [INFO] browser_automation: Simulation reset detected
2025-11-26 17:41:45 [INFO] browser_automation: Simulation reset detected
2025-11-26 17:41:48 [INFO] browser_automation: Simulation reset detected
2025-11-26 17:41:53 [INFO] browser_automation: Simulation reset detected
2025-11-26 17:42:03 [INFO] browser_automation: Simulation reset detected
2025-11-26 17:42:08 [INFO] browser_automation: Simulation reset detected
2025-11-26 17:42:12 [INFO] browser_automation: Simulation reset detected
2025-11-26 17:42:17 [INFO] browser_automation: Simulation reset detected
2025-11-26 17:42:22 [INFO] browser_automation: Simulation reset detected
2025-11-26 17:42:26 [INFO] browser_automation: Simulation reset detected
2025-11-26 17:42:31 [INFO] browser_automation: Simulation reset detected
2025-11-26 17:42:35 [INFO] browser_automation: Simulation reset detected
2025-11-26 17:42:40 [INFO] browser_automation: Simulation reset detected
2025-11-26 17:42:53 [INFO] browser_automation: Simulation reset detected
2025-11-26 17:42:57 [INFO] browser_automation: Simulation reset detected
2025-11-26 17:43:03 [INFO] browser_automation: Simulation reset detected
2025-11-26 17:43:10 [INFO] browser_automation: Simulation reset detected
2025-11-26 17:43:14 [INFO] browser_automation: Simulation reset detected
2025-11-26 17:43:20 [INFO] browser_automation: Simulation reset detected
2025-11-26 17:43:26 [INFO] browser_automation: Simulation reset detected
2025-11-26 17:43:33 [INFO] browser_automation: Simulation reset detected
2025-11-26 17:43:37 [INFO] browser_automation: Simulation reset detected
2025-11-26 17:43:44 [INFO] browser_automation: Simulation reset detected
2025-11-26 17:43:51 [INFO] browser_automation: Simulation reset detected
2025-11-26 17:44:01 [INFO] browser_automation: Simulation reset detected
2025-11-26 17:44:05 [INFO] browser_automation: Simulation reset detected
2025-11-26 17:44:10 [INFO] browser_automation: Simulation reset detected
2025-11-26 17:44:15 [INFO] browser_automation: Simulation reset detected
2025-11-26 17:44:19 [INFO] browser_automation: Simulation reset detected
2025-11-26 17:44:27 [INFO] browser_automation: Simulation reset detected
2025-11-26 17:44:32 [INFO] browser_automation: Simulation reset detected
2025-11-26 17:44:36 [INFO] browser_automation: Simulation reset detected
2025-11-26 17:44:40 [INFO] browser_automation: Simulation reset detected
2025-11-26 17:44:47 [INFO] browser_automation: Simulation reset detected
2025-11-26 17:44:58 [INFO] browser_automation: Simulation reset detected
2025-11-26 17:45:02 [INFO] browser_automation: Simulation reset detected
2025-11-26 17:45:12 [INFO] browser_automation: Simulation reset detected
2025-11-26 17:45:16 [INFO] browser_automation: Simulation reset detected
2025-11-26 17:45:21 [INFO] browser_automation: Simulation reset detected
2025-11-26 17:45:26 [INFO] browser_automation: Simulation reset detected
2025-11-26 17:45:30 [INFO] browser_automation: Simulation reset detected
2025-11-26 17:45:40 [INFO] browser_automation: Simulation reset detected
2025-11-26 17:45:44 [INFO] browser_automation: Simulation reset detected
2025-11-26 17:45:48 [INFO] browser_automation: Simulation reset detected
2025-11-26 17:45:54 [INFO] browser_automation: Simulation reset detected
2025-11-26 17:45:57 [INFO] __main__: 
============================================================
2025-11-26 17:45:57 [INFO] __main__: Stopping bridge (Ctrl+C detected)
2025-11-26 17:45:57 [INFO] __main__: ============================================================
2025-11-26 17:45:57 [INFO] __main__: 
Runtime: 1073.8 seconds
2025-11-26 17:45:57 [INFO] __main__: Messages sent: 1102
2025-11-26 17:45:57 [INFO] __main__: Average rate: 1.03 msg/s
2025-11-26 17:45:57 [INFO] __main__: Cleaning up...
2025-11-26 17:45:57 [INFO] browser_automation: Stopping simulation...
2025-11-26 17:45:57 [WARNING] browser_automation: Error stopping simulation: Locator.click: Target page, context or browser has been closed
2025-11-26 17:45:57 [INFO] __main__: ✓ Browser closed
2025-11-26 17:45:57 [INFO] __main__: Bridge stopped successfully
2025-11-26 17:45:57 [INFO] __main__: ============================================================
2025-11-26 17:45:57 [INFO] __main__: Application terminated
2025-11-26 17:45:57 [INFO] __main__: ============================================================
